<?xml version="1.0" encoding="UTF-8"?>
<testsuite xmlns:xsi="http://www.w3.org/2001/XMLSchema-instance" xsi:noNamespaceSchemaLocation="https://maven.apache.org/surefire/maven-surefire-plugin/xsd/surefire-test-report.xsd" name="com.redhat.PalindromeTest" time="0.002" tests="7" errors="0" skipped="0" failures="6">
  <properties>
    <property name="gopherProxySet" value="false"/>
    <property name="awt.toolkit" value="sun.lwawt.macosx.LWCToolkit"/>
    <property name="java.specification.version" value="11"/>
    <property name="sun.cpu.isalist" value=""/>
    <property name="sun.jnu.encoding" value="UTF-8"/>
    <property name="java.class.path" value="/Users/somsubhra/somsubhra/tdd_example/target/test-classes:/Users/somsubhra/somsubhra/tdd_example/target/classes:/Users/somsubhra/.m2/repository/org/junit/jupiter/junit-jupiter-api/5.7.2/junit-jupiter-api-5.7.2.jar:/Users/somsubhra/.m2/repository/org/apiguardian/apiguardian-api/1.1.0/apiguardian-api-1.1.0.jar:/Users/somsubhra/.m2/repository/org/opentest4j/opentest4j/1.2.0/opentest4j-1.2.0.jar:/Users/somsubhra/.m2/repository/org/junit/platform/junit-platform-commons/1.7.2/junit-platform-commons-1.7.2.jar:/Users/somsubhra/.m2/repository/org/mockito/mockito-junit-jupiter/3.11.2/mockito-junit-jupiter-3.11.2.jar:/Users/somsubhra/.m2/repository/org/mockito/mockito-core/3.11.2/mockito-core-3.11.2.jar:/Users/somsubhra/.m2/repository/net/bytebuddy/byte-buddy/1.11.3/byte-buddy-1.11.3.jar:/Users/somsubhra/.m2/repository/net/bytebuddy/byte-buddy-agent/1.11.3/byte-buddy-agent-1.11.3.jar:/Users/somsubhra/.m2/repository/org/objenesis/objenesis/3.2/objenesis-3.2.jar:"/>
    <property name="java.vm.vendor" value="JetBrains s.r.o"/>
    <property name="sun.arch.data.model" value="64"/>
    <property name="java.vendor.url" value="https://openjdk.java.net/"/>
    <property name="user.timezone" value=""/>
    <property name="java.vm.specification.version" value="11"/>
    <property name="os.name" value="Mac OS X"/>
    <property name="sun.java.launcher" value="SUN_STANDARD"/>
    <property name="user.country" value="IN"/>
    <property name="sun.boot.library.path" value="/opt/homebrew/Cellar/openjdk@11/11.0.10/libexec/openjdk.jdk/Contents/Home/lib"/>
    <property name="sun.java.command" value="/Users/somsubhra/somsubhra/tdd_example/target/surefire/surefirebooter2276452504233555322.jar /Users/somsubhra/somsubhra/tdd_example/target/surefire 2021-07-11T13-57-36_987-jvmRun1 surefire14549218432558111101tmp surefire_03437242690496005324tmp"/>
    <property name="http.nonProxyHosts" value="local|*.local|169.254/16|*.169.254/16"/>
    <property name="jdk.debug" value="release"/>
    <property name="surefire.test.class.path" value="/Users/somsubhra/somsubhra/tdd_example/target/test-classes:/Users/somsubhra/somsubhra/tdd_example/target/classes:/Users/somsubhra/.m2/repository/org/junit/jupiter/junit-jupiter-api/5.7.2/junit-jupiter-api-5.7.2.jar:/Users/somsubhra/.m2/repository/org/apiguardian/apiguardian-api/1.1.0/apiguardian-api-1.1.0.jar:/Users/somsubhra/.m2/repository/org/opentest4j/opentest4j/1.2.0/opentest4j-1.2.0.jar:/Users/somsubhra/.m2/repository/org/junit/platform/junit-platform-commons/1.7.2/junit-platform-commons-1.7.2.jar:/Users/somsubhra/.m2/repository/org/mockito/mockito-junit-jupiter/3.11.2/mockito-junit-jupiter-3.11.2.jar:/Users/somsubhra/.m2/repository/org/mockito/mockito-core/3.11.2/mockito-core-3.11.2.jar:/Users/somsubhra/.m2/repository/net/bytebuddy/byte-buddy/1.11.3/byte-buddy-1.11.3.jar:/Users/somsubhra/.m2/repository/net/bytebuddy/byte-buddy-agent/1.11.3/byte-buddy-agent-1.11.3.jar:/Users/somsubhra/.m2/repository/org/objenesis/objenesis/3.2/objenesis-3.2.jar:"/>
    <property name="sun.cpu.endian" value="little"/>
    <property name="user.home" value="/Users/somsubhra"/>
    <property name="user.language" value="en"/>
    <property name="java.specification.vendor" value="Oracle Corporation"/>
    <property name="java.version.date" value="2021-01-19"/>
    <property name="java.home" value="/opt/homebrew/Cellar/openjdk@11/11.0.10/libexec/openjdk.jdk/Contents/Home"/>
    <property name="file.separator" value="/"/>
    <property name="basedir" value="/Users/somsubhra/somsubhra/tdd_example"/>
    <property name="java.vm.compressedOopsMode" value="Zero based"/>
    <property name="line.separator" value="&#10;"/>
    <property name="java.specification.name" value="Java Platform API Specification"/>
    <property name="java.vm.specification.vendor" value="Oracle Corporation"/>
    <property name="java.awt.graphicsenv" value="sun.awt.CGraphicsEnvironment"/>
    <property name="surefire.real.class.path" value="/Users/somsubhra/somsubhra/tdd_example/target/surefire/surefirebooter2276452504233555322.jar"/>
    <property name="sun.management.compiler" value="HotSpot 64-Bit Tiered Compilers"/>
    <property name="ftp.nonProxyHosts" value="local|*.local|169.254/16|*.169.254/16"/>
    <property name="java.runtime.version" value="11.0.10+9"/>
    <property name="user.name" value="somsubhra"/>
    <property name="path.separator" value=":"/>
    <property name="os.version" value="11.4"/>
    <property name="java.runtime.name" value="OpenJDK Runtime Environment"/>
    <property name="file.encoding" value="US-ASCII"/>
    <property name="java.vm.name" value="OpenJDK 64-Bit Server VM"/>
    <property name="localRepository" value="/Users/somsubhra/.m2/repository"/>
    <property name="java.vendor.url.bug" value="https://bugreport.java.com/bugreport/"/>
    <property name="java.io.tmpdir" value="/var/folders/dg/dhhpk_vd2w564_t29rndnlhw0000gn/T/"/>
    <property name="idea.version" value="2021.1.2"/>
    <property name="java.version" value="11.0.10"/>
    <property name="user.dir" value="/Users/somsubhra/somsubhra/tdd_example"/>
    <property name="os.arch" value="aarch64"/>
    <property name="java.vm.specification.name" value="Java Virtual Machine Specification"/>
    <property name="java.awt.printerjob" value="sun.lwawt.macosx.CPrinterJob"/>
    <property name="sun.os.patch.level" value="unknown"/>
    <property name="java.library.path" value="/Users/somsubhra/Library/Java/Extensions:/Library/Java/Extensions:/Network/Library/Java/Extensions:/System/Library/Java/Extensions:/usr/lib/java:."/>
    <property name="java.vm.info" value="mixed mode"/>
    <property name="java.vendor" value="Oracle Corporation"/>
    <property name="java.vm.version" value="11.0.10+9"/>
    <property name="sun.io.unicode.encoding" value="UnicodeBig"/>
    <property name="java.class.version" value="55.0"/>
    <property name="socksNonProxyHosts" value="local|*.local|169.254/16|*.169.254/16"/>
  </properties>
  <testcase name="com.redhat.PalindromeTest.test_is_true_if_word_is_palindrome" classname="com.redhat.PalindromeTest" time="0">
    <failure type="java.lang.NullPointerException">java.lang.NullPointerException
	at com.redhat.PalindromeTest.test_is_true_if_word_is_palindrome(PalindromeTest.java:23)
</failure>
  </testcase>
  <testcase name="com.redhat.PalindromeTest.test_is_false_if_word_is_not_palindrome" classname="com.redhat.PalindromeTest" time="0">
    <failure type="java.lang.NullPointerException">java.lang.NullPointerException
	at com.redhat.PalindromeTest.test_is_false_if_word_is_not_palindrome(PalindromeTest.java:29)
</failure>
  </testcase>
  <testcase name="com.redhat.PalindromeTest.test_can_identify_numeric_palindromes" classname="com.redhat.PalindromeTest" time="0">
    <failure type="java.lang.NullPointerException">java.lang.NullPointerException
	at com.redhat.PalindromeTest.test_can_identify_numeric_palindromes(PalindromeTest.java:35)
</failure>
  </testcase>
  <testcase name="com.redhat.PalindromeTest.test_single_character_string_is_not_a_palindrome" classname="com.redhat.PalindromeTest" time="0">
    <failure type="java.lang.NullPointerException">java.lang.NullPointerException
	at com.redhat.PalindromeTest.test_single_character_string_is_not_a_palindrome(PalindromeTest.java:41)
</failure>
  </testcase>
  <testcase name="com.redhat.PalindromeTest.test_numerical_palindromes_ignore_decimal_point" classname="com.redhat.PalindromeTest" time="0">
    <failure type="java.lang.NullPointerException">java.lang.NullPointerException
	at com.redhat.PalindromeTest.test_numerical_palindromes_ignore_decimal_point(PalindromeTest.java:47)
</failure>
  </testcase>
  <testcase name="com.redhat.PalindromeTest.test_case_is_ignored" classname="com.redhat.PalindromeTest" time="0">
    <failure type="java.lang.NullPointerException">java.lang.NullPointerException
	at com.redhat.PalindromeTest.test_case_is_ignored(PalindromeTest.java:53)
</failure>
  </testcase>
  <testcase name="com.redhat.PalindromeTest.test_incorrect_input_type_throws_error" classname="com.redhat.PalindromeTest" time="0"/>
</testsuite>